Hello world from process 2 of 8
RANK #1 responsible for block between byte 2341914393 and byte 4683828530
Hello world from process 5 of 8
RANK #4 responsible for block between byte 9367657032 and byte 11709571864
Hello world from process 6 of 8
RANK #5 responsible for block between byte 11709571864 and byte 14051485394
Hello world from process 7 of 8
RANK #6 responsible for block between byte 14051485394 and byte 16393400928
Hello world from process 8 of 8
RANK #7 responsible for block between byte 16393400928 and byte 18735307060
Hello world from process 3 of 8
RANK #2 responsible for block between byte 4683828530 and byte 7025743038
Hello world from process 4 of 8
RANK #3 responsible for block between byte 7025743038 and byte 9367657032
Hello world from process 1 of 8
RANK #0 responsible for block between byte 0 and byte 2341914393

=================== Results ===================

Top 10 Tweeters
Rank    Author ID                     Number of Tweets Made
#1      1498063511204761601                68477     
#2      1089023364973219840                28128     
#3      826332877457481728                 27718     
#4      1250331934242123776                25350     
#5      1423662808311287813                21034     
#6      1183144981252280322                20765     
#7      1270672820792508417                20503     
#8      820431428835885059                 20063     
#9      778785859030003712                 19403     
#10     1104295492433764353                18781     

Total Number of Tweets in Various Capital Cities
Greater Capital City          Number of Tweets Made
2gmel (Greater Melbourne)          2288975
1gsyd (Greater Sydney)             2128097
3gbri (Greater Brisbane)            865879
5gper (Greater Perth)               592919
4gade (Greater Adelaide)            465803
6ghob (Greater Hobart)               90340
7gdar (Greater Darwin)               50481

Top 10 Number of Unique City Locations and #Tweets
Rank    Author ID                     Number of Unique City Locations and #Tweets
#1      18147028                      7(#9824 tweets - 9590gmel,130gsyd,9ghob,8gper,64gbri,16gade,7gdar)
#2      1429984556451389440           7(#1907 tweets - 1879gmel,2gade,7gper,11gsyd,6gbri,1ghob,1gdar)
#3      169459139                     7(#1379 tweets - 1ghob,55gade,1137gdar,1gbri,145gmel,39gsyd,1gper)
#4      61220731                      7(#1346 tweets - 205gbri,597gmel,222gsyd,171gdar,15gper,72ghob,64gade)
#5      702290904460169216            7(#1230 tweets - 275gmel,143gade,166gper,252gbri,23gdar,330gsyd,41ghob)
#6      17285408                      7(#1186 tweets - 1061gsyd,40gbri,60gmel,11ghob,3gade,4gdar,7gper)
#7      87188071                      7(#364 tweets - 29gade,65gbri,53gper,112gsyd,15ghob,85gmel,5gdar)
#8      1361519083                    7(#254 tweets - 36gmel,193gdar,12gsyd,9gade,1gper,2ghob,1gbri)
#9      502381727                     7(#240 tweets - 214gmel,8gbri,8ghob,3gper,4gade,2gsyd,1gdar)
#10     774694926135222272            7(#238 tweets - 37gbri,28gade,28gdar,37gsyd,34gper,38gmel,36ghob)

PROGRAM RUN TIME: 98.76757550239563
Job ID           : 45990754
Cluster          : spartan
User/Project     : ztom/comp90024
Nodes            : 2
Wall-clock time  : 00:01:48 / 01:00:00

Displaying overall resources usage from 2023-04-02 16:33:45 to 2023-04-02 16:35:33:

NODE            CPU#        TOT%   ( USR   / SYS   / WIO   / IDLE  ) 

spartan-bm095 : 
                CPU# 1    : 84.3   (  75.1 /   9.2 /   0.0 /  15.7 ) 
                CPU# 2    : 89.7   (  80.8 /   8.9 /   0.0 /  10.2 ) 
                CPU# 3    : 83.7   (  75.2 /   8.6 /   0.0 /  16.3 ) 
                CPU# 4    : 83.8   (  75.1 /   8.8 /   0.0 /  16.2 ) 

spartan-bm104 : 
                CPU# 5    : 85.7   (  76.7 /   9.0 /   0.0 /  14.3 ) 
                CPU# 6    : 85.7   (  76.1 /   9.6 /   0.0 /  14.3 ) 
                CPU# 7    : 85.8   (  76.8 /   9.0 /   0.0 /  14.2 ) 
                CPU# 8    : 85.7   (  76.6 /   9.1 /   0.0 /  14.3 ) 


Allocated CPUs            : 8    
  CPUs with usage <25%    : 0    
  CPUs with usage <50%    : 0    
  CPUs with usage >50%    : 8    

Memory used (RAM)         : 0.0%  [5MB of 32000MB]

--------------------------------------------

