
Hello world from process 5 of 8
RANK #4 responsible for block between byte 9367657032 and byte 11709571864
Hello world from process 2 of 8
RANK #1 responsible for block between byte 2341914393 and byte 4683828530
Hello world from process 6 of 8
RANK #5 responsible for block between byte 11709571864 and byte 14051485394
Hello world from process 3 of 8
RANK #2 responsible for block between byte 4683828530 and byte 7025743038
Hello world from process 7 of 8
RANK #6 responsible for block between byte 14051485394 and byte 16393400928
Hello world from process 4 of 8
RANK #3 responsible for block between byte 7025743038 and byte 9367657032
Hello world from process 8 of 8
RANK #7 responsible for block between byte 16393400928 and byte 18735307060
Hello world from process 1 of 8
RANK #0 responsible for block between byte 0 and byte 2341914393

=================== Results ===================

Top 10 Tweeters
Rank    Author ID                     Number of Tweets Made
#1      1498063511204761601                68477     
#2      1089023364973219840                28128     
#3      826332877457481728                 27718     
#4      1250331934242123776                25350     
#5      1423662808311287813                21034     
#6      1183144981252280322                20765     
#7      1270672820792508417                20503     
#8      820431428835885059                 20063     
#9      778785859030003712                 19403     
#10     1104295492433764353                18781     

Total Number of Tweets in Various Capital Cities
Greater Capital City          Number of Tweets Made
2gmel (Greater Melbourne)          2281466
1gsyd (Greater Sydney)             2216917
3gbri (Greater Brisbane)            857080
5gper (Greater Perth)               589183
4gade (Greater Adelaide)            460451
6ghob (Greater Hobart)               90608
7gdar (Greater Darwin)               46382

Top 10 Number of Unique City Locations and #Tweets
Rank    Author ID                     Number of Unique City Locations and #Tweets
#1      1429984556451389440           7(#1896 tweets - 1868gmel,2gade,7gper,11gsyd,6gbri,1ghob,1gdar)
#2      17285408                      7(#1166 tweets - 1041gsyd,40gbri,60gmel,11ghob,3gade,4gdar,7gper)
#3      702290904460169216            7(#1152 tweets - 258gmel,121gade,226gbri,41ghob,21gdar,333gsyd,152gper)
#4      87188071                      7(#365 tweets - 28gade,65gbri,51gper,115gsyd,86gmel,15ghob,5gdar)
#5      1361519083                    7(#260 tweets - 36gmel,193gdar,18gsyd,9gade,1gper,2ghob,1gbri)
#6      502381727                     7(#240 tweets - 214gmel,8gbri,8ghob,3gper,4gade,2gsyd,1gdar)
#7      921197448885886977            7(#201 tweets - 37gbri,24gade,28gper,49gsyd,58gmel,4ghob,1gdar)
#8      1382217768649465858           7(#189 tweets - 50gmel,13gade,50ghob,14gbri,8gdar,43gper,11gsyd)
#9      601712763                     7(#136 tweets - 44gsyd,39gmel,1gdar,14gper,8ghob,19gade,11gbri)
#10     2647302752                    7(#76 tweets - 32gbri,3gdar,3gade,4gper,13gsyd,16gmel,5ghob)

PROGRAM RUN TIME: 179.8375391960144
Job ID           : 45975440
Cluster          : spartan
User/Project     : ztom/comp90024
Nodes            : 2
Wall-clock time  : 00:03:05 / 00:15:00

Displaying overall resources usage from 2023-04-01 15:41:44 to 2023-04-01 15:44:49:

NODE            CPU#        TOT%   ( USR   / SYS   / WIO   / IDLE  ) 

spartan-bm023 : 
                CPU# 1    : 89.7   (  84.4 /   5.3 /   0.0 /  10.3 ) 
                CPU# 2    : 87.6   (  82.8 /   4.8 /   0.0 /  12.4 ) 
                CPU# 3    : 87.6   (  82.5 /   5.1 /   0.0 /  12.4 ) 
                CPU# 4    : 87.6   (  82.8 /   4.8 /   0.0 /  12.4 ) 

spartan-bm042 : 
                CPU# 5    : 87.1   (  82.0 /   5.1 /   0.0 /  12.9 ) 
                CPU# 6    : 87.1   (  81.8 /   5.2 /   0.0 /  12.9 ) 
                CPU# 7    : 86.9   (  81.7 /   5.3 /   0.0 /  13.1 ) 
                CPU# 8    : 87.0   (  81.9 /   5.1 /   0.0 /  13.0 ) 


Allocated CPUs            : 8    
  CPUs with usage <25%    : 0    
  CPUs with usage <50%    : 0    
  CPUs with usage >50%    : 8    

Memory used (RAM)         : 0.0%  [5MB of 32000MB]

--------------------------------------------

