Hello world from process 1 of 1
RANK #0 responsible for block between byte 0 and byte 18735307060

=================== Results ===================

Top 10 Tweeters
Rank    Author ID                     Number of Tweets Made
#1      1498063511204761601                68477     
#2      1089023364973219840                28128     
#3      826332877457481728                 27718     
#4      1250331934242123776                25350     
#5      1423662808311287813                21034     
#6      1183144981252280322                20765     
#7      1270672820792508417                20503     
#8      820431428835885059                 20063     
#9      778785859030003712                 19403     
#10     1104295492433764353                18781     

Total Number of Tweets in Various Capital Cities
Greater Capital City          Number of Tweets Made
1gmel (Greater Melbourne)          2279689
2gsyd (Greater Sydney)             2216307
3gbri (Greater Brisbane)            853687
4gper (Greater Perth)               589188
5gade (Greater Adelaide)            452469
6ghob (Greater Hobart)               89970
7gdar (Greater Darwin)               46364

Top 10 Number of Unique City Locations and #Tweets
Rank    Author ID                     Number of Unique City Locations and #Tweets
#1      1429984556451389440           7(#1896 tweets - 1868gmel,2gade,7gper,11gsyd,6gbri,1ghob,1gdar)
#2      17285408                      7(#1166 tweets - 1041gsyd,40gbri,60gmel,11ghob,3gade,4gdar,7gper)
#3      702290904460169216            7(#1129 tweets - 247gmel,120gade,222gbri,19gdar,330gsyd,152gper,39ghob)
#4      87188071                      7(#363 tweets - 28gade,64gbri,52gper,114gsyd,15ghob,85gmel,5gdar)
#5      1361519083                    7(#260 tweets - 36gmel,193gdar,18gsyd,9gade,1gper,2ghob,1gbri)
#6      502381727                     7(#240 tweets - 214gmel,8gbri,8ghob,3gper,4gade,2gsyd,1gdar)
#7      921197448885886977            7(#195 tweets - 37gbri,20gade,28gper,49gsyd,56gmel,4ghob,1gdar)
#8      1382217768649465858           7(#189 tweets - 50gmel,13gade,50ghob,14gbri,8gdar,43gper,11gsyd)
#9      601712763                     7(#136 tweets - 44gsyd,39gmel,1gdar,14gper,8ghob,19gade,11gbri)
#10     2647302752                    7(#76 tweets - 32gbri,3gdar,3gade,4gper,13gsyd,16gmel,5ghob)

PROGRAM RUN TIME: 709.3808536529541
Job ID           : 46241305
Cluster          : spartan
User/Project     : ztom/comp90024
Nodes            : 1
Wall-clock time  : 00:11:55 / 01:00:00

Displaying overall resources usage from 2023-04-10 12:00:14 to 2023-04-10 12:12:09:

NODE            CPU#        TOT%   ( USR   / SYS   / WIO   / IDLE  ) 

spartan-bm001 : 
                CPU# 1    : 97.4   (  88.3 /   9.1 /   0.0 /   2.6 ) 


Allocated CPUs            : 1    
  CPUs with usage <25%    : 0    
  CPUs with usage <50%    : 0    
  CPUs with usage >50%    : 1    

Memory used (RAM)         : 0.1%  [5MB of 4000MB]

--------------------------------------------

